```
gcd(x,y)
```

Greatest common (positive) divisor (or zero if `x` and `y` are both zero). The arguments may be integer and rational numbers.

!!! compat "Julia 1.4"
    Rational arguments require Julia 1.4 or later.


# Examples

```jldoctest
julia> gcd(6,9)
3

julia> gcd(6,-9)
3
```

```
gcd(a::AbstractPolynomial, b::AbstractPolynomial)
```

Find the greatest common denominator of two polynomials recursively using [Euclid's algorithm](http://en.wikipedia.org/wiki/Polynomial_greatest_common_divisor#Euclid.27s_algorithm).

# Examples

```jldoctest common
julia> using Polynomials

julia> gcd(fromroots([1, 1, 2]), fromroots([1, 2, 3]))
Polynomial(4.0 - 6.0*x + 2.0*x^2)

```
